Using pre-set license
Built from '2021.1/release' branch; Version is '2021.1.10f1 (b15f561b2cef) revision 11624278'; Using compiler version '192528614'; Build Type 'Release'
OS: 'Windows 10 Pro; OS build 19042.1288; Version 2009; 64bit' Language: 'ru' Physical Memory: 32705 MB
BatchMode: 1, IsHumanControllingUs: 0, StartBugReporterOnCrash: 0, Is64bit: 1, IsPro: 0

 COMMAND LINE ARGUMENTS:
C:\Unity\Editors\2021.1.10f1\Editor\Unity.exe
-adb2
-batchMode
-noUpm
-name
AssetImportWorker0
-projectPath
D:/GeekBrains/Unity/Projects/K3_Dev3d_1
-logFile
Logs/AssetImportWorker0.log
-srvPort
55416
Successfully changed project path to: D:/GeekBrains/Unity/Projects/K3_Dev3d_1
D:/GeekBrains/Unity/Projects/K3_Dev3d_1
Using Asset Import Pipeline V2.
Refreshing native plugins compatible for Editor in 92.75 ms, found 3 plugins.
Preloading 0 native plugins for Editor in 0.00 ms.
Initialize engine version: 2021.1.10f1 (b15f561b2cef)
[Subsystems] Discovering subsystems at path C:/Unity/Editors/2021.1.10f1/Editor/Data/Resources/UnitySubsystems
[Subsystems] Discovering subsystems at path D:/GeekBrains/Unity/Projects/K3_Dev3d_1/Assets
GfxDevice: creating device client; threaded=0; jobified=0
Direct3D:
    Version:  Direct3D 11.0 [level 11.1]
    Renderer: NVIDIA GeForce GTX 1650 (ID=0x2188)
    Vendor:   NVIDIA
    VRAM:     3962 MB
    Driver:   27.21.14.5671
Initialize mono
Mono path[0] = 'C:/Unity/Editors/2021.1.10f1/Editor/Data/Managed'
Mono path[1] = 'C:/Unity/Editors/2021.1.10f1/Editor/Data/MonoBleedingEdge/lib/mono/unityjit'
Mono config path = 'C:/Unity/Editors/2021.1.10f1/Editor/Data/MonoBleedingEdge/etc'
Using monoOptions --debugger-agent=transport=dt_socket,embedding=1,server=y,suspend=n,address=127.0.0.1:56496
Begin MonoManager ReloadAssembly
Registering precompiled unity dll's ...
Register platform support module: C:/Unity/Editors/2021.1.10f1/Editor/Data/PlaybackEngines/WindowsStandaloneSupport/UnityEditor.WindowsStandalone.Extensions.dll
Registered in 0.001883 seconds.
Native extension for WindowsStandalone target not found
Refreshing native plugins compatible for Editor in 75.30 ms, found 3 plugins.
Preloading 0 native plugins for Editor in 0.00 ms.
Mono: successfully reloaded assembly
- Completed reload, in  1.344 seconds
Domain Reload Profiling:
	ReloadAssembly (1344ms)
		BeginReloadAssembly (57ms)
			ExecutionOrderSort (0ms)
			DisableScriptedObjects (0ms)
			BackupInstance (0ms)
			ReleaseScriptingObjects (0ms)
			CreateAndSetChildDomain (1ms)
		EndReloadAssembly (489ms)
			LoadAssemblies (55ms)
			RebuildTransferFunctionScriptingTraits (0ms)
			SetupTypeCache (182ms)
			ReleaseScriptCaches (0ms)
			RebuildScriptCaches (35ms)
			SetupLoadedEditorAssemblies (223ms)
				LogAssemblyErrors (0ms)
				InitializePlatformSupportModulesInManaged (7ms)
				SetLoadedEditorAssemblies (0ms)
				RefreshPlugins (75ms)
				BeforeProcessingInitializeOnLoad (2ms)
				ProcessInitializeOnLoadAttributes (107ms)
				ProcessInitializeOnLoadMethodAttributes (31ms)
				AfterProcessingInitializeOnLoad (0ms)
				EditorAssembliesLoaded (0ms)
			ExecutionOrderSort2 (0ms)
			AwakeInstancesAfterBackupRestoration (0ms)
Platform modules already initialized, skipping
Registering precompiled user dll's ...
Registered in 0.003642 seconds.
Begin MonoManager ReloadAssembly
Symbol file LoadedFromMemory doesn't match image D:\GeekBrains\Unity\Projects\K3_Dev3d_1\Library\PackageCache\com.unity.visualscripting@1.6.1\Editor\VisualScripting.Core\Dependencies\YamlDotNet\Unity.VisualScripting.YamlDotNet.dll
Symbol file LoadedFromMemory doesn't match image D:\GeekBrains\Unity\Projects\K3_Dev3d_1\Library\PackageCache\com.unity.visualscripting@1.6.1\Editor\VisualScripting.Core\Dependencies\DotNetZip\Unity.VisualScripting.IonicZip.dll
Native extension for WindowsStandalone target not found
Refreshing native plugins compatible for Editor in 0.59 ms, found 3 plugins.
Preloading 0 native plugins for Editor in 0.00 ms.
Mono: successfully reloaded assembly
- Completed reload, in  1.201 seconds
Domain Reload Profiling:
	ReloadAssembly (1202ms)
		BeginReloadAssembly (180ms)
			ExecutionOrderSort (0ms)
			DisableScriptedObjects (8ms)
			BackupInstance (0ms)
			ReleaseScriptingObjects (0ms)
			CreateAndSetChildDomain (27ms)
		EndReloadAssembly (958ms)
			LoadAssemblies (102ms)
			RebuildTransferFunctionScriptingTraits (0ms)
			SetupTypeCache (354ms)
			ReleaseScriptCaches (1ms)
			RebuildScriptCaches (55ms)
			SetupLoadedEditorAssemblies (345ms)
				LogAssemblyErrors (0ms)
				InitializePlatformSupportModulesInManaged (5ms)
				SetLoadedEditorAssemblies (0ms)
				RefreshPlugins (1ms)
				BeforeProcessingInitializeOnLoad (70ms)
				ProcessInitializeOnLoadAttributes (257ms)
				ProcessInitializeOnLoadMethodAttributes (5ms)
				AfterProcessingInitializeOnLoad (6ms)
				EditorAssembliesLoaded (0ms)
			ExecutionOrderSort2 (0ms)
			AwakeInstancesAfterBackupRestoration (7ms)
Platform modules already initialized, skipping
========================================================================
Worker process is ready to serve import requests
Launched and connected shader compiler UnityShaderCompiler.exe after 0.05 seconds
Refreshing native plugins compatible for Editor in 0.68 ms, found 3 plugins.
Preloading 0 native plugins for Editor in 0.00 ms.
Unloading 2937 Unused Serialized files (Serialized files now loaded: 0)
System memory in use before: 105.5 MB.
System memory in use after: 105.7 MB.

Unloading 23 unused Assets to reduce memory usage. Loaded Objects now: 3381.
Total: 3.067900 ms (FindLiveObjects: 0.388000 ms CreateObjectMapping: 0.491300 ms MarkObjects: 2.110800 ms  DeleteObjects: 0.076800 ms)

AssetImportParameters requested are different than current active one (requested -> active):
  custom:framework-win-MediaFoundation: 216162199b28c13a410421893ffa2e32 -> 
  custom:video-decoder-ogg-theora: a1e56fd34408186e4bbccfd4996cb3dc -> 
  custom:container-muxer-webm: aa71ff27fc2769a1b78a27578f13a17b -> 
  custom:container-demuxer-webm: 4f35f7cbe854078d1ac9338744f61a02 -> 
  custom:container-demuxer-ogg: 62fdf1f143b41e24485cea50d1cbac27 -> 
  custom:video-encoder-webm-vp8: eb34c28f22e8b96e1ab97ce403110664 -> 
  custom:video-decoder-webm-vp8: 9c59270c3fd7afecdb556c50c9e8de78 -> 
  custom:audio-decoder-ogg-vorbis: bf7c407c2cedff20999df2af8eb42d56 -> 
  custom:audio-encoder-webm-vorbis: bf7c407c2cedff20999df2af8eb42d56 -> 
========================================================================
Received Import Request.
  path: Assets/Terrain/Asphalt
  artifactKey: Guid(f0baf23112ad3144580a92157db8fed3) Importer(815301076,1909f56bfc062723c751e8b465ee728b)
Start importing Assets/Terrain/Asphalt using Guid(f0baf23112ad3144580a92157db8fed3) Importer(815301076,1909f56bfc062723c751e8b465ee728b)  -> (artifact id: '83e5666f84ed2b9e4b1b3a105d134257') in 0.004870 seconds 
========================================================================
Received Import Request.
  Time since last request: 54.016711 seconds.
  path: Assets/_Test_Assets/Rock1/rock1.fbx
  artifactKey: Guid(97fa09111b68fc94a995cb20c1506885) Importer(815301076,1909f56bfc062723c751e8b465ee728b)
Start importing Assets/_Test_Assets/Rock1/rock1.fbx using Guid(97fa09111b68fc94a995cb20c1506885) Importer(815301076,1909f56bfc062723c751e8b465ee728b)  -> (artifact id: '6d56b41e57d5dc600458fe4a122ad60e') in 0.515983 seconds 
========================================================================
Received Import Request.
  Time since last request: 0.000205 seconds.
  path: Assets/_Test_Assets/Rock1/rock1_Albedo.png
  artifactKey: Guid(7cb30d159e4c7c44d87891d347c21a92) Importer(815301076,1909f56bfc062723c751e8b465ee728b)
Start importing Assets/_Test_Assets/Rock1/rock1_Albedo.png using Guid(7cb30d159e4c7c44d87891d347c21a92) Importer(815301076,1909f56bfc062723c751e8b465ee728b)  -> (artifact id: 'ae00cadb4eaf51cc2cf1fe3d0b4bb2c8') in 0.018694 seconds 
========================================================================
Received Import Request.
  Time since last request: 0.000282 seconds.
  path: Assets/_Test_Assets/Rock1/rock1_Normal.png
  artifactKey: Guid(e0b77a79133a00b4390e0490169665f2) Importer(815301076,1909f56bfc062723c751e8b465ee728b)
Start importing Assets/_Test_Assets/Rock1/rock1_Normal.png using Guid(e0b77a79133a00b4390e0490169665f2) Importer(815301076,1909f56bfc062723c751e8b465ee728b)  -> (artifact id: '56ef4d48a3bf862a88145514083811e7') in 0.011308 seconds 
========================================================================
Received Import Request.
  Time since last request: 0.000256 seconds.
  path: Assets/_Test_Assets/Rock1/rock1.prefab
  artifactKey: Guid(e7f45bd73f29e0c4cba779b36921debe) Importer(815301076,1909f56bfc062723c751e8b465ee728b)
Start importing Assets/_Test_Assets/Rock1/rock1.prefab using Guid(e7f45bd73f29e0c4cba779b36921debe) Importer(815301076,1909f56bfc062723c751e8b465ee728b)  -> (artifact id: '2659b2ef11de2879183bd8a39c65c147') in 0.024726 seconds 
========================================================================
Received Import Request.
  Time since last request: 0.000219 seconds.
  path: Assets/_Test_Assets/Rock1/rock1_Occlusion.png
  artifactKey: Guid(eb751e68895694f4b86c70d37d5f5242) Importer(815301076,1909f56bfc062723c751e8b465ee728b)
Start importing Assets/_Test_Assets/Rock1/rock1_Occlusion.png using Guid(eb751e68895694f4b86c70d37d5f5242) Importer(815301076,1909f56bfc062723c751e8b465ee728b)  -> (artifact id: 'c9709e8d9ec729079e43bf0ec3ba44c7') in 0.010106 seconds 
========================================================================
Received Import Request.
  Time since last request: 0.000220 seconds.
  path: Assets/_Test_Assets/Rock1/rock1.mat
  artifactKey: Guid(c53c70970cca6394cab21eece89956cf) Importer(815301076,1909f56bfc062723c751e8b465ee728b)
Start importing Assets/_Test_Assets/Rock1/rock1.mat using Guid(c53c70970cca6394cab21eece89956cf) Importer(815301076,1909f56bfc062723c751e8b465ee728b)  -> (artifact id: '18df74e94a30fc1042e9009443bf8d84') in 0.011805 seconds 
========================================================================
Received Import Request.
  Time since last request: 1.589877 seconds.
  path: Assets/_Test_Assets/Terrain/Terr_Cliff_Rock_Diffuse.psd
  artifactKey: Guid(3dab32e316c74144f8c20450a027a468) Importer(815301076,1909f56bfc062723c751e8b465ee728b)
Start importing Assets/_Test_Assets/Terrain/Terr_Cliff_Rock_Diffuse.psd using Guid(3dab32e316c74144f8c20450a027a468) Importer(815301076,1909f56bfc062723c751e8b465ee728b)  -> (artifact id: '0427b8e9d0f4d17cd38fcb93f9946543') in 0.009674 seconds 
========================================================================
Received Import Request.
  Time since last request: 0.000198 seconds.
  path: Assets/_Test_Assets/Terrain/Terr_Grass_Normal.psd
  artifactKey: Guid(16211652adf189d418bfdf714f5d541c) Importer(815301076,1909f56bfc062723c751e8b465ee728b)
Start importing Assets/_Test_Assets/Terrain/Terr_Grass_Normal.psd using Guid(16211652adf189d418bfdf714f5d541c) Importer(815301076,1909f56bfc062723c751e8b465ee728b)  -> (artifact id: '016c5ccfba8b047850c28a09b5e4ee9a') in 0.007993 seconds 
========================================================================
Received Import Request.
  Time since last request: 0.000261 seconds.
  path: Assets/_Test_Assets/Terrain/Terr_Grass_Diffuse.psd
  artifactKey: Guid(2ddbeef92dac8f040bb2f1a6266cb3e6) Importer(815301076,1909f56bfc062723c751e8b465ee728b)
Start importing Assets/_Test_Assets/Terrain/Terr_Grass_Diffuse.psd using Guid(2ddbeef92dac8f040bb2f1a6266cb3e6) Importer(815301076,1909f56bfc062723c751e8b465ee728b)  -> (artifact id: '1ce28e26116881fd08e28d7f0c8b0846') in 0.010566 seconds 
========================================================================
Received Import Request.
  Time since last request: 0.000264 seconds.
  path: Assets/_Test_Assets/Terrain/Terr_Cliff_Rock_Normal.psd
  artifactKey: Guid(ee0f082a291c3bf4d9bbb9de176b89e3) Importer(815301076,1909f56bfc062723c751e8b465ee728b)
Start importing Assets/_Test_Assets/Terrain/Terr_Cliff_Rock_Normal.psd using Guid(ee0f082a291c3bf4d9bbb9de176b89e3) Importer(815301076,1909f56bfc062723c751e8b465ee728b)  -> (artifact id: 'ec0d55dc0c1416c394a632e633bb5f08') in 0.008415 seconds 
========================================================================
Received Import Request.
  Time since last request: 7.868282 seconds.
  path: Assets/_Test_Assets/Tree1/RHEF_SpruceA.fbx
  artifactKey: Guid(8082d5dbcd043104cbe8f7e59b5c1d79) Importer(815301076,1909f56bfc062723c751e8b465ee728b)
Start importing Assets/_Test_Assets/Tree1/RHEF_SpruceA.fbx using Guid(8082d5dbcd043104cbe8f7e59b5c1d79) Importer(815301076,1909f56bfc062723c751e8b465ee728b)  -> (artifact id: '85db8d00424b95012d11fe2a0ef5d4d8') in 0.023202 seconds 
========================================================================
Received Import Request.
  Time since last request: 0.000200 seconds.
  path: Assets/_Test_Assets/Tree1/SpruceTrunk_Normal.png
  artifactKey: Guid(51ca0a4b83e8cef46a911b1c147f3840) Importer(815301076,1909f56bfc062723c751e8b465ee728b)
Start importing Assets/_Test_Assets/Tree1/SpruceTrunk_Normal.png using Guid(51ca0a4b83e8cef46a911b1c147f3840) Importer(815301076,1909f56bfc062723c751e8b465ee728b)  -> (artifact id: '0f46f2c6e53e5e197ed640c553b6183a') in 0.007574 seconds 
========================================================================
Received Import Request.
  Time since last request: 0.000251 seconds.
  path: Assets/_Test_Assets/Tree1/SpruceLeaves_Diffuse.tif
  artifactKey: Guid(3ccb7197509d3774e985b1c43e1d3c6c) Importer(815301076,1909f56bfc062723c751e8b465ee728b)
Start importing Assets/_Test_Assets/Tree1/SpruceLeaves_Diffuse.tif using Guid(3ccb7197509d3774e985b1c43e1d3c6c) Importer(815301076,1909f56bfc062723c751e8b465ee728b)  -> (artifact id: 'ec3fa95602d5a935926b78dfd315cd1a') in 0.008550 seconds 
========================================================================
Received Import Request.
  Time since last request: 0.000249 seconds.
  path: Assets/_Test_Assets/Tree1/SpruceLeaves_Normal.png
  artifactKey: Guid(0683973136a9d5e4fa15cb2f1e40cbf9) Importer(815301076,1909f56bfc062723c751e8b465ee728b)
Start importing Assets/_Test_Assets/Tree1/SpruceLeaves_Normal.png using Guid(0683973136a9d5e4fa15cb2f1e40cbf9) Importer(815301076,1909f56bfc062723c751e8b465ee728b)  -> (artifact id: '09a0fbd3134509200a08285dc78f26ef') in 0.011815 seconds 
========================================================================
Received Import Request.
  Time since last request: 0.000233 seconds.
  path: Assets/_Test_Assets/Tree1/SpruceTrunk_Diffuse.png
  artifactKey: Guid(3cc071dd4cf7e2646b61f33efe780291) Importer(815301076,1909f56bfc062723c751e8b465ee728b)
Start importing Assets/_Test_Assets/Tree1/SpruceTrunk_Diffuse.png using Guid(3cc071dd4cf7e2646b61f33efe780291) Importer(815301076,1909f56bfc062723c751e8b465ee728b)  -> (artifact id: 'b95422db9aa2082ebf8d73c09d1d20d5') in 0.008053 seconds 
========================================================================
Received Import Request.
  Time since last request: 0.000236 seconds.
  path: Assets/_Test_Assets/Tree1/RHEF_SpruceTrunk.mat
  artifactKey: Guid(a6cca7252848d444ca0c30933d605568) Importer(815301076,1909f56bfc062723c751e8b465ee728b)
Start importing Assets/_Test_Assets/Tree1/RHEF_SpruceTrunk.mat using Guid(a6cca7252848d444ca0c30933d605568) Importer(815301076,1909f56bfc062723c751e8b465ee728b)  -> (artifact id: '5c4ff2f3272f29256ec722cff8cce1fb') in 0.223648 seconds 
========================================================================
Received Import Request.
  Time since last request: 0.000166 seconds.
  path: Assets/_Test_Assets/Tree1/RHEF_SpruceLeaves.mat
  artifactKey: Guid(e1723eb86669fc349849019546f96d4c) Importer(815301076,1909f56bfc062723c751e8b465ee728b)
Start importing Assets/_Test_Assets/Tree1/RHEF_SpruceLeaves.mat using Guid(e1723eb86669fc349849019546f96d4c) Importer(815301076,1909f56bfc062723c751e8b465ee728b)  -> (artifact id: '38afad358f81bff25ca21792cc50d8b8') in 0.540345 seconds 
========================================================================
Received Import Request.
  Time since last request: 0.000162 seconds.
  path: Assets/_Test_Assets/Tree1/RHEF_SpruceA.prefab
  artifactKey: Guid(76b04de78f3182441bc8be3ec6524700) Importer(815301076,1909f56bfc062723c751e8b465ee728b)
Start importing Assets/_Test_Assets/Tree1/RHEF_SpruceA.prefab using Guid(76b04de78f3182441bc8be3ec6524700) Importer(815301076,1909f56bfc062723c751e8b465ee728b)  -> (artifact id: 'ade5ef22dc676b5650aec4d4afb86f55') in 0.015722 seconds 
========================================================================
Received Import Request.
  Time since last request: 0.000225 seconds.
  path: Assets/_Test_Assets/Tree1/SpruceTrunk_AO.png
  artifactKey: Guid(316bda486f19a444c9c7ec6508831fa4) Importer(815301076,1909f56bfc062723c751e8b465ee728b)
Start importing Assets/_Test_Assets/Tree1/SpruceTrunk_AO.png using Guid(316bda486f19a444c9c7ec6508831fa4) Importer(815301076,1909f56bfc062723c751e8b465ee728b)  -> (artifact id: 'f8736592bc62265c46e29e242cff2fe7') in 0.011205 seconds 
========================================================================
Received Import Request.
  Time since last request: 3.546289 seconds.
  path: Assets/_Test_Assets/Tree2/diffuse.png
  artifactKey: Guid(a629f05529a103b4588475cd18cf8789) Importer(815301076,1909f56bfc062723c751e8b465ee728b)
Start importing Assets/_Test_Assets/Tree2/diffuse.png using Guid(a629f05529a103b4588475cd18cf8789) Importer(815301076,1909f56bfc062723c751e8b465ee728b)  -> (artifact id: 'ae4aefc7e1fc0c20ddfbcd3bbcf791b8') in 0.008084 seconds 
========================================================================
Received Import Request.
  Time since last request: 0.000196 seconds.
  path: Assets/_Test_Assets/Tree2/TreeCreator_Crinkly_A.prefab
  artifactKey: Guid(17d84f526d0111c46b67ec4791913617) Importer(815301076,1909f56bfc062723c751e8b465ee728b)
Start importing Assets/_Test_Assets/Tree2/TreeCreator_Crinkly_A.prefab using Guid(17d84f526d0111c46b67ec4791913617) Importer(815301076,1909f56bfc062723c751e8b465ee728b)  -> (artifact id: '2adef6aad334874fe35e57715e4a41f8') in 0.292114 seconds 
========================================================================
Received Import Request.
  Time since last request: 0.000165 seconds.
  path: Assets/_Test_Assets/Tree2/normal_specular.png
  artifactKey: Guid(3953448a4a3e6a6498df8a0e47638f16) Importer(815301076,1909f56bfc062723c751e8b465ee728b)
Start importing Assets/_Test_Assets/Tree2/normal_specular.png using Guid(3953448a4a3e6a6498df8a0e47638f16) Importer(815301076,1909f56bfc062723c751e8b465ee728b)  -> (artifact id: 'fb8c93ffebae3e95aa188a8322236e73') in 0.006025 seconds 
========================================================================
Received Import Request.
  Time since last request: 0.000293 seconds.
  path: Assets/_Test_Assets/Tree2/translucency_gloss.png
  artifactKey: Guid(849869fbd2fc7a7468f91529df3ca6d3) Importer(815301076,1909f56bfc062723c751e8b465ee728b)
Start importing Assets/_Test_Assets/Tree2/translucency_gloss.png using Guid(849869fbd2fc7a7468f91529df3ca6d3) Importer(815301076,1909f56bfc062723c751e8b465ee728b)  -> (artifact id: '9fc74038858c3c259fbe4f4cc1c44ecb') in 0.010868 seconds 
========================================================================
Received Import Request.
  Time since last request: 0.000221 seconds.
  path: Assets/_Test_Assets/Tree2/shadow.png
  artifactKey: Guid(5d7cc7222e41a38469629c07fa87d6c7) Importer(815301076,1909f56bfc062723c751e8b465ee728b)
Start importing Assets/_Test_Assets/Tree2/shadow.png using Guid(5d7cc7222e41a38469629c07fa87d6c7) Importer(815301076,1909f56bfc062723c751e8b465ee728b)  -> (artifact id: '4cf6ee0658a1db0dfa021f7b0ede2ceb') in 0.013402 seconds 
========================================================================
Received Import Request.
  Time since last request: 10.279833 seconds.
  path: Assets/Terrain/Rock1/rock1.fbx
  artifactKey: Guid(97fa09111b68fc94a995cb20c1506885) Importer(815301076,1909f56bfc062723c751e8b465ee728b)
Start importing Assets/Terrain/Rock1/rock1.fbx using Guid(97fa09111b68fc94a995cb20c1506885) Importer(815301076,1909f56bfc062723c751e8b465ee728b)  -> (artifact id: '87ed3c394b3985c332d3486f760b734a') in 0.026988 seconds 
========================================================================
Received Import Request.
  Time since last request: 14.049448 seconds.
  path: Assets/Terrain/Textures
  artifactKey: Guid(8c26d3518e52f0b4d895fbe81ae82ae8) Importer(815301076,1909f56bfc062723c751e8b465ee728b)
Start importing Assets/Terrain/Textures using Guid(8c26d3518e52f0b4d895fbe81ae82ae8) Importer(815301076,1909f56bfc062723c751e8b465ee728b)  -> (artifact id: 'd063d8b1ccc7ec8f05945872c19b0528') in 0.001256 seconds 
========================================================================
Received Import Request.
  Time since last request: 20.471680 seconds.
  path: Assets/Terrain/Textures/Grass
  artifactKey: Guid(1c987b45e3b3b164191c44f97f28ea09) Importer(815301076,1909f56bfc062723c751e8b465ee728b)
Start importing Assets/Terrain/Textures/Grass using Guid(1c987b45e3b3b164191c44f97f28ea09) Importer(815301076,1909f56bfc062723c751e8b465ee728b)  -> (artifact id: '0b5b926fb61156dcf9aa7fea5814fa0e') in 0.001338 seconds 
========================================================================
Received Import Request.
  Time since last request: 4.840647 seconds.
  path: Assets/Terrain/Textures/Rock
  artifactKey: Guid(1c008f18b31fd124fa48d64f4d234c3a) Importer(815301076,1909f56bfc062723c751e8b465ee728b)
Start importing Assets/Terrain/Textures/Rock using Guid(1c008f18b31fd124fa48d64f4d234c3a) Importer(815301076,1909f56bfc062723c751e8b465ee728b)  -> (artifact id: '78ebd4c866ebd1411f58e0a15eda453e') in 0.001339 seconds 
========================================================================
Received Import Request.
  Time since last request: 68.315861 seconds.
  path: Assets/Terrain/Tree1
  artifactKey: Guid(e5b6c693445437844ab3df15d30095e6) Importer(815301076,1909f56bfc062723c751e8b465ee728b)
Start importing Assets/Terrain/Tree1 using Guid(e5b6c693445437844ab3df15d30095e6) Importer(815301076,1909f56bfc062723c751e8b465ee728b)  -> (artifact id: '1ed03daffc21c06fad10f6bdb3aff9a5') in 0.001186 seconds 
========================================================================
Received Import Request.
  Time since last request: 0.046218 seconds.
  path: Assets/Scenes/SampleScene.unity
  artifactKey: Guid(9fc0d4010bbf28b4594072e72b8655ab) Importer(815301076,1909f56bfc062723c751e8b465ee728b)
Start importing Assets/Scenes/SampleScene.unity using Guid(9fc0d4010bbf28b4594072e72b8655ab) Importer(815301076,1909f56bfc062723c751e8b465ee728b)  -> (artifact id: '85059f4f9e1a832ed95adaa0d25c5c4c') in 0.001856 seconds 
========================================================================
Received Import Request.
  Time since last request: 0.012476 seconds.
  path: Assets/Terrain/Tree2/TreeCreatorBarkOptimized.shader
  artifactKey: Guid(db0bbe9249b905448945102ed3a63c4e) Importer(815301076,1909f56bfc062723c751e8b465ee728b)
Start importing Assets/Terrain/Tree2/TreeCreatorBarkOptimized.shader using Guid(db0bbe9249b905448945102ed3a63c4e) Importer(815301076,1909f56bfc062723c751e8b465ee728b)  -> (artifact id: '5926a735abc1a3d7a7736660fe6b71cc') in 0.003467 seconds 
========================================================================
Received Import Request.
  Time since last request: 0.016950 seconds.
  path: Assets/Terrain/Tree2/TreeCreatorLeavesOptimized.shader
  artifactKey: Guid(d43a08ccbe480de45858522f8dedf2f7) Importer(815301076,1909f56bfc062723c751e8b465ee728b)
Start importing Assets/Terrain/Tree2/TreeCreatorLeavesOptimized.shader using Guid(d43a08ccbe480de45858522f8dedf2f7) Importer(815301076,1909f56bfc062723c751e8b465ee728b)  -> (artifact id: '2e68daa8a4f5d807edaa1c73754b0812') in 0.002051 seconds 
========================================================================
Received Import Request.
  Time since last request: 0.002170 seconds.
  path: Assets/Terrain/Rock1
  artifactKey: Guid(6e76dfb4bf279c64aa38365f106de28a) Importer(815301076,1909f56bfc062723c751e8b465ee728b)
Start importing Assets/Terrain/Rock1 using Guid(6e76dfb4bf279c64aa38365f106de28a) Importer(815301076,1909f56bfc062723c751e8b465ee728b)  -> (artifact id: '25b213699d6793dde0ee9b2fbdd330cc') in 0.001158 seconds 
========================================================================
Received Import Request.
  Time since last request: 0.082545 seconds.
  path: Assets/Terrain/Textures/Dirt
  artifactKey: Guid(8dfc5db06cc1bb349a542dddbbb49d4e) Importer(815301076,1909f56bfc062723c751e8b465ee728b)
Start importing Assets/Terrain/Textures/Dirt using Guid(8dfc5db06cc1bb349a542dddbbb49d4e) Importer(815301076,1909f56bfc062723c751e8b465ee728b)  -> (artifact id: 'c248526941878827fb7b4af0d242725a') in 0.001476 seconds 
========================================================================
Received Import Request.
  Time since last request: 0.038002 seconds.
  path: Assets/Scenes
  artifactKey: Guid(5067f0086d1c05e4881497b4999026d6) Importer(815301076,1909f56bfc062723c751e8b465ee728b)
Start importing Assets/Scenes using Guid(5067f0086d1c05e4881497b4999026d6) Importer(815301076,1909f56bfc062723c751e8b465ee728b)  -> (artifact id: 'b527a50ed4f1f51d91bd158aa2edef97') in 0.001203 seconds 
========================================================================
Received Import Request.
  Time since last request: 0.001969 seconds.
  path: Assets/Terrain/Tree2
  artifactKey: Guid(70e1e052521b71247ae25498d66df0e4) Importer(815301076,1909f56bfc062723c751e8b465ee728b)
Start importing Assets/Terrain/Tree2 using Guid(70e1e052521b71247ae25498d66df0e4) Importer(815301076,1909f56bfc062723c751e8b465ee728b)  -> (artifact id: 'b9ac05fd244267bbba57689bda6be30c') in 0.001087 seconds 
========================================================================
Received Import Request.
  Time since last request: 0.002898 seconds.
  path: Assets/Terrain/Textures/Moss
  artifactKey: Guid(b9d897e37349ea14e8ca558cae7d3dcf) Importer(815301076,1909f56bfc062723c751e8b465ee728b)
Start importing Assets/Terrain/Textures/Moss using Guid(b9d897e37349ea14e8ca558cae7d3dcf) Importer(815301076,1909f56bfc062723c751e8b465ee728b)  -> (artifact id: '06a6d1d62d51b8b2ad0e57c48be67946') in 0.001123 seconds 
========================================================================
Received Import Request.
  Time since last request: 1507.345777 seconds.
  path: Assets/Terrain/Water/BGR_Ocean_D.tif
  artifactKey: Guid(1d72690fdb3e20b40bcd0ec9d597d9ce) Importer(815301076,1909f56bfc062723c751e8b465ee728b)
Start importing Assets/Terrain/Water/BGR_Ocean_D.tif using Guid(1d72690fdb3e20b40bcd0ec9d597d9ce) Importer(815301076,1909f56bfc062723c751e8b465ee728b)  -> (artifact id: 'b1241f229124e355a2cda48901c77010') in 0.009057 seconds 
========================================================================
Received Import Request.
  Time since last request: 0.000202 seconds.
  path: Assets/Terrain/Water/GR_Breakup1_A.tif
  artifactKey: Guid(40922e83e09b49d4d897f683d4858ee1) Importer(815301076,1909f56bfc062723c751e8b465ee728b)
Start importing Assets/Terrain/Water/GR_Breakup1_A.tif using Guid(40922e83e09b49d4d897f683d4858ee1) Importer(815301076,1909f56bfc062723c751e8b465ee728b)  -> (artifact id: '82553c84563328fa242ae2c61771b9fd') in 0.009406 seconds 
========================================================================
Received Import Request.
  Time since last request: 0.000338 seconds.
  path: Assets/Terrain/Water/BGR_Ocean_N.tif
  artifactKey: Guid(02494f2545bd0314da6b5048fc84f9ce) Importer(815301076,1909f56bfc062723c751e8b465ee728b)
Start importing Assets/Terrain/Water/BGR_Ocean_N.tif using Guid(02494f2545bd0314da6b5048fc84f9ce) Importer(815301076,1909f56bfc062723c751e8b465ee728b)  -> (artifact id: 'ac54e018f358abecd66ee43e4870a1bc') in 0.029205 seconds 
========================================================================
Received Import Request.
  Time since last request: 0.000264 seconds.
  path: Assets/Terrain/Water/HLP_BlankNormal.tif
  artifactKey: Guid(a69c6ffcaea7ddc4a971d1fcd00b20b1) Importer(815301076,1909f56bfc062723c751e8b465ee728b)
Start importing Assets/Terrain/Water/HLP_BlankNormal.tif using Guid(a69c6ffcaea7ddc4a971d1fcd00b20b1) Importer(815301076,1909f56bfc062723c751e8b465ee728b)  -> (artifact id: '053c20b1125d55770c2ded563cbb2e8a') in 0.007618 seconds 
========================================================================
Received Import Request.
  Time since last request: 138.882522 seconds.
  path: Assets/Terrain/Water/BGR_Water.mat
  artifactKey: Guid(45b6e2e6b54e8ea4480019e4ec1596f7) Importer(815301076,1909f56bfc062723c751e8b465ee728b)
Start importing Assets/Terrain/Water/BGR_Water.mat using Guid(45b6e2e6b54e8ea4480019e4ec1596f7) Importer(815301076,1909f56bfc062723c751e8b465ee728b)  -> (artifact id: 'd72576ca786d1a543246c3826715ce7e') in 0.233840 seconds 
========================================================================
Received Import Request.
  Time since last request: 0.000195 seconds.
  path: Assets/Terrain/Water/WaterPlane.prefab
  artifactKey: Guid(fca45bff92b059e4fa4bfe69754c1886) Importer(815301076,1909f56bfc062723c751e8b465ee728b)
Start importing Assets/Terrain/Water/WaterPlane.prefab using Guid(fca45bff92b059e4fa4bfe69754c1886) Importer(815301076,1909f56bfc062723c751e8b465ee728b)  -> (artifact id: '4d6d7896926f26ff4c149ee45c982b66') in 0.016106 seconds 
========================================================================
Received Import Request.
  Time since last request: 0.000235 seconds.
  path: Assets/Terrain/Water/WaterPlane.fbx
  artifactKey: Guid(f5fc3ddc26d1c8d4aa83bca95735a1a2) Importer(815301076,1909f56bfc062723c751e8b465ee728b)
Start importing Assets/Terrain/Water/WaterPlane.fbx using Guid(f5fc3ddc26d1c8d4aa83bca95735a1a2) Importer(815301076,1909f56bfc062723c751e8b465ee728b)  -> (artifact id: '151aefcde438196ec8697a7a03848683') in 0.011526 seconds 
========================================================================
Received Prepare
Registering precompiled user dll's ...
Registered in 0.004084 seconds.
Begin MonoManager ReloadAssembly
Symbol file LoadedFromMemory doesn't match image D:\GeekBrains\Unity\Projects\K3_Dev3d_1\Library\PackageCache\com.unity.visualscripting@1.6.1\Editor\VisualScripting.Core\Dependencies\YamlDotNet\Unity.VisualScripting.YamlDotNet.dll
Symbol file LoadedFromMemory doesn't match image D:\GeekBrains\Unity\Projects\K3_Dev3d_1\Library\PackageCache\com.unity.visualscripting@1.6.1\Editor\VisualScripting.Core\Dependencies\DotNetZip\Unity.VisualScripting.IonicZip.dll
Native extension for WindowsStandalone target not found
Refreshing native plugins compatible for Editor in 0.71 ms, found 3 plugins.
Preloading 0 native plugins for Editor in 0.00 ms.
Mono: successfully reloaded assembly
- Completed reload, in  1.130 seconds
Domain Reload Profiling:
	ReloadAssembly (1131ms)
		BeginReloadAssembly (132ms)
			ExecutionOrderSort (0ms)
			DisableScriptedObjects (5ms)
			BackupInstance (0ms)
			ReleaseScriptingObjects (0ms)
			CreateAndSetChildDomain (39ms)
		EndReloadAssembly (936ms)
			LoadAssemblies (88ms)
			RebuildTransferFunctionScriptingTraits (0ms)
			SetupTypeCache (352ms)
			ReleaseScriptCaches (1ms)
			RebuildScriptCaches (49ms)
			SetupLoadedEditorAssemblies (314ms)
				LogAssemblyErrors (0ms)
				InitializePlatformSupportModulesInManaged (6ms)
				SetLoadedEditorAssemblies (0ms)
				RefreshPlugins (1ms)
				BeforeProcessingInitializeOnLoad (55ms)
				ProcessInitializeOnLoadAttributes (241ms)
				ProcessInitializeOnLoadMethodAttributes (5ms)
				AfterProcessingInitializeOnLoad (7ms)
				EditorAssembliesLoaded (0ms)
			ExecutionOrderSort2 (0ms)
			AwakeInstancesAfterBackupRestoration (18ms)
Platform modules already initialized, skipping
Refreshing native plugins compatible for Editor in 0.59 ms, found 3 plugins.
Preloading 0 native plugins for Editor in 0.00 ms.
Unloading 2955 Unused Serialized files (Serialized files now loaded: 0)
System memory in use before: 146.3 MB.
System memory in use after: 146.5 MB.

Unloading 19 unused Assets to reduce memory usage. Loaded Objects now: 3742.
Total: 2.415400 ms (FindLiveObjects: 0.236500 ms CreateObjectMapping: 0.120500 ms MarkObjects: 2.008200 ms  DeleteObjects: 0.048900 ms)

AssetImportParameters requested are different than current active one (requested -> active):
  custom:framework-win-MediaFoundation: 216162199b28c13a410421893ffa2e32 -> 
  custom:video-decoder-ogg-theora: a1e56fd34408186e4bbccfd4996cb3dc -> 
  custom:container-muxer-webm: aa71ff27fc2769a1b78a27578f13a17b -> 
  custom:container-demuxer-webm: 4f35f7cbe854078d1ac9338744f61a02 -> 
  custom:container-demuxer-ogg: 62fdf1f143b41e24485cea50d1cbac27 -> 
  custom:video-encoder-webm-vp8: eb34c28f22e8b96e1ab97ce403110664 -> 
  custom:video-decoder-webm-vp8: 9c59270c3fd7afecdb556c50c9e8de78 -> 
  custom:audio-decoder-ogg-vorbis: bf7c407c2cedff20999df2af8eb42d56 -> 
  custom:audio-encoder-webm-vorbis: bf7c407c2cedff20999df2af8eb42d56 -> 
========================================================================
Received Prepare
Registering precompiled user dll's ...
Registered in 0.003917 seconds.
Begin MonoManager ReloadAssembly
Symbol file LoadedFromMemory doesn't match image D:\GeekBrains\Unity\Projects\K3_Dev3d_1\Library\PackageCache\com.unity.visualscripting@1.6.1\Editor\VisualScripting.Core\Dependencies\YamlDotNet\Unity.VisualScripting.YamlDotNet.dll
Symbol file LoadedFromMemory doesn't match image D:\GeekBrains\Unity\Projects\K3_Dev3d_1\Library\PackageCache\com.unity.visualscripting@1.6.1\Editor\VisualScripting.Core\Dependencies\DotNetZip\Unity.VisualScripting.IonicZip.dll
Native extension for WindowsStandalone target not found
Refreshing native plugins compatible for Editor in 0.61 ms, found 3 plugins.
Preloading 0 native plugins for Editor in 0.00 ms.
Mono: successfully reloaded assembly
- Completed reload, in  1.147 seconds
Domain Reload Profiling:
	ReloadAssembly (1147ms)
		BeginReloadAssembly (114ms)
			ExecutionOrderSort (0ms)
			DisableScriptedObjects (8ms)
			BackupInstance (0ms)
			ReleaseScriptingObjects (0ms)
			CreateAndSetChildDomain (36ms)
		EndReloadAssembly (963ms)
			LoadAssemblies (101ms)
			RebuildTransferFunctionScriptingTraits (0ms)
			SetupTypeCache (364ms)
			ReleaseScriptCaches (1ms)
			RebuildScriptCaches (45ms)
			SetupLoadedEditorAssemblies (320ms)
				LogAssemblyErrors (0ms)
				InitializePlatformSupportModulesInManaged (6ms)
				SetLoadedEditorAssemblies (0ms)
				RefreshPlugins (1ms)
				BeforeProcessingInitializeOnLoad (54ms)
				ProcessInitializeOnLoadAttributes (248ms)
				ProcessInitializeOnLoadMethodAttributes (5ms)
				AfterProcessingInitializeOnLoad (6ms)
				EditorAssembliesLoaded (0ms)
			ExecutionOrderSort2 (0ms)
			AwakeInstancesAfterBackupRestoration (28ms)
Platform modules already initialized, skipping
Refreshing native plugins compatible for Editor in 0.65 ms, found 3 plugins.
Preloading 0 native plugins for Editor in 0.00 ms.
Unloading 2932 Unused Serialized files (Serialized files now loaded: 0)
System memory in use before: 145.4 MB.
System memory in use after: 145.6 MB.

Unloading 18 unused Assets to reduce memory usage. Loaded Objects now: 3745.
Total: 2.255200 ms (FindLiveObjects: 0.243500 ms CreateObjectMapping: 0.115700 ms MarkObjects: 1.844200 ms  DeleteObjects: 0.050900 ms)

AssetImportParameters requested are different than current active one (requested -> active):
  custom:framework-win-MediaFoundation: 216162199b28c13a410421893ffa2e32 -> 
  custom:video-decoder-ogg-theora: a1e56fd34408186e4bbccfd4996cb3dc -> 
  custom:container-muxer-webm: aa71ff27fc2769a1b78a27578f13a17b -> 
  custom:container-demuxer-webm: 4f35f7cbe854078d1ac9338744f61a02 -> 
  custom:container-demuxer-ogg: 62fdf1f143b41e24485cea50d1cbac27 -> 
  custom:video-encoder-webm-vp8: eb34c28f22e8b96e1ab97ce403110664 -> 
  custom:video-decoder-webm-vp8: 9c59270c3fd7afecdb556c50c9e8de78 -> 
  custom:audio-decoder-ogg-vorbis: bf7c407c2cedff20999df2af8eb42d56 -> 
  custom:audio-encoder-webm-vorbis: bf7c407c2cedff20999df2af8eb42d56 -> 
========================================================================
Received Prepare
Registering precompiled user dll's ...
Registered in 0.003835 seconds.
Begin MonoManager ReloadAssembly
Symbol file LoadedFromMemory doesn't match image D:\GeekBrains\Unity\Projects\K3_Dev3d_1\Library\PackageCache\com.unity.visualscripting@1.6.1\Editor\VisualScripting.Core\Dependencies\YamlDotNet\Unity.VisualScripting.YamlDotNet.dll
Symbol file LoadedFromMemory doesn't match image D:\GeekBrains\Unity\Projects\K3_Dev3d_1\Library\PackageCache\com.unity.visualscripting@1.6.1\Editor\VisualScripting.Core\Dependencies\DotNetZip\Unity.VisualScripting.IonicZip.dll
Native extension for WindowsStandalone target not found
Refreshing native plugins compatible for Editor in 0.65 ms, found 3 plugins.
Preloading 0 native plugins for Editor in 0.00 ms.
Mono: successfully reloaded assembly
- Completed reload, in  1.111 seconds
Domain Reload Profiling:
	ReloadAssembly (1112ms)
		BeginReloadAssembly (119ms)
			ExecutionOrderSort (0ms)
			DisableScriptedObjects (8ms)
			BackupInstance (0ms)
			ReleaseScriptingObjects (0ms)
			CreateAndSetChildDomain (37ms)
		EndReloadAssembly (928ms)
			LoadAssemblies (88ms)
			RebuildTransferFunctionScriptingTraits (0ms)
			SetupTypeCache (367ms)
			ReleaseScriptCaches (1ms)
			RebuildScriptCaches (45ms)
			SetupLoadedEditorAssemblies (318ms)
				LogAssemblyErrors (0ms)
				InitializePlatformSupportModulesInManaged (6ms)
				SetLoadedEditorAssemblies (0ms)
				RefreshPlugins (1ms)
				BeforeProcessingInitializeOnLoad (58ms)
				ProcessInitializeOnLoadAttributes (242ms)
				ProcessInitializeOnLoadMethodAttributes (5ms)
				AfterProcessingInitializeOnLoad (6ms)
				EditorAssembliesLoaded (0ms)
			ExecutionOrderSort2 (0ms)
			AwakeInstancesAfterBackupRestoration (16ms)
Platform modules already initialized, skipping
Refreshing native plugins compatible for Editor in 0.62 ms, found 3 plugins.
Preloading 0 native plugins for Editor in 0.00 ms.
Unloading 2932 Unused Serialized files (Serialized files now loaded: 0)
System memory in use before: 145.5 MB.
System memory in use after: 145.7 MB.

Unloading 18 unused Assets to reduce memory usage. Loaded Objects now: 3748.
Total: 2.452000 ms (FindLiveObjects: 0.255300 ms CreateObjectMapping: 0.117100 ms MarkObjects: 2.029600 ms  DeleteObjects: 0.049200 ms)

AssetImportParameters requested are different than current active one (requested -> active):
  custom:framework-win-MediaFoundation: 216162199b28c13a410421893ffa2e32 -> 
  custom:video-decoder-ogg-theora: a1e56fd34408186e4bbccfd4996cb3dc -> 
  custom:container-muxer-webm: aa71ff27fc2769a1b78a27578f13a17b -> 
  custom:container-demuxer-webm: 4f35f7cbe854078d1ac9338744f61a02 -> 
  custom:container-demuxer-ogg: 62fdf1f143b41e24485cea50d1cbac27 -> 
  custom:video-encoder-webm-vp8: eb34c28f22e8b96e1ab97ce403110664 -> 
  custom:video-decoder-webm-vp8: 9c59270c3fd7afecdb556c50c9e8de78 -> 
  custom:audio-decoder-ogg-vorbis: bf7c407c2cedff20999df2af8eb42d56 -> 
  custom:audio-encoder-webm-vorbis: bf7c407c2cedff20999df2af8eb42d56 -> 
========================================================================
Received Prepare
Registering precompiled user dll's ...
Registered in 0.004454 seconds.
Begin MonoManager ReloadAssembly
Symbol file LoadedFromMemory doesn't match image D:\GeekBrains\Unity\Projects\K3_Dev3d_1\Library\PackageCache\com.unity.visualscripting@1.6.1\Editor\VisualScripting.Core\Dependencies\YamlDotNet\Unity.VisualScripting.YamlDotNet.dll
Symbol file LoadedFromMemory doesn't match image D:\GeekBrains\Unity\Projects\K3_Dev3d_1\Library\PackageCache\com.unity.visualscripting@1.6.1\Editor\VisualScripting.Core\Dependencies\DotNetZip\Unity.VisualScripting.IonicZip.dll
Native extension for WindowsStandalone target not found
Refreshing native plugins compatible for Editor in 0.64 ms, found 3 plugins.
Preloading 0 native plugins for Editor in 0.00 ms.
Mono: successfully reloaded assembly
- Completed reload, in  1.104 seconds
Domain Reload Profiling:
	ReloadAssembly (1104ms)
		BeginReloadAssembly (124ms)
			ExecutionOrderSort (0ms)
			DisableScriptedObjects (8ms)
			BackupInstance (0ms)
			ReleaseScriptingObjects (0ms)
			CreateAndSetChildDomain (36ms)
		EndReloadAssembly (919ms)
			LoadAssemblies (85ms)
			RebuildTransferFunctionScriptingTraits (0ms)
			SetupTypeCache (338ms)
			ReleaseScriptCaches (1ms)
			RebuildScriptCaches (47ms)
			SetupLoadedEditorAssemblies (317ms)
				LogAssemblyErrors (0ms)
				InitializePlatformSupportModulesInManaged (6ms)
				SetLoadedEditorAssemblies (0ms)
				RefreshPlugins (1ms)
				BeforeProcessingInitializeOnLoad (55ms)
				ProcessInitializeOnLoadAttributes (244ms)
				ProcessInitializeOnLoadMethodAttributes (5ms)
				AfterProcessingInitializeOnLoad (6ms)
				EditorAssembliesLoaded (0ms)
			ExecutionOrderSort2 (0ms)
			AwakeInstancesAfterBackupRestoration (17ms)
Platform modules already initialized, skipping
Refreshing native plugins compatible for Editor in 0.60 ms, found 3 plugins.
Preloading 0 native plugins for Editor in 0.00 ms.
Unloading 2932 Unused Serialized files (Serialized files now loaded: 0)
System memory in use before: 145.5 MB.
System memory in use after: 145.7 MB.

Unloading 18 unused Assets to reduce memory usage. Loaded Objects now: 3751.
Total: 3.081000 ms (FindLiveObjects: 0.355500 ms CreateObjectMapping: 0.272800 ms MarkObjects: 2.398000 ms  DeleteObjects: 0.053500 ms)

AssetImportParameters requested are different than current active one (requested -> active):
  custom:framework-win-MediaFoundation: 216162199b28c13a410421893ffa2e32 -> 
  custom:video-decoder-ogg-theora: a1e56fd34408186e4bbccfd4996cb3dc -> 
  custom:container-muxer-webm: aa71ff27fc2769a1b78a27578f13a17b -> 
  custom:container-demuxer-webm: 4f35f7cbe854078d1ac9338744f61a02 -> 
  custom:container-demuxer-ogg: 62fdf1f143b41e24485cea50d1cbac27 -> 
  custom:video-encoder-webm-vp8: eb34c28f22e8b96e1ab97ce403110664 -> 
  custom:video-decoder-webm-vp8: 9c59270c3fd7afecdb556c50c9e8de78 -> 
  custom:audio-decoder-ogg-vorbis: bf7c407c2cedff20999df2af8eb42d56 -> 
  custom:audio-encoder-webm-vorbis: bf7c407c2cedff20999df2af8eb42d56 -> 
========================================================================
Received Import Request.
  Time since last request: 4854.260398 seconds.
  path: Assets/Terrain/Textures/Rock/NewLayer.terrainlayer
  artifactKey: Guid(58e01af7eee134841867aa382d7d812e) Importer(815301076,1909f56bfc062723c751e8b465ee728b)
Start importing Assets/Terrain/Textures/Rock/NewLayer.terrainlayer using Guid(58e01af7eee134841867aa382d7d812e) Importer(815301076,1909f56bfc062723c751e8b465ee728b)  -> (artifact id: '5d47a38414b651187d76e7b58602ea18') in 0.045092 seconds 
========================================================================
Received Prepare
Registering precompiled user dll's ...
Registered in 0.003561 seconds.
Begin MonoManager ReloadAssembly
Symbol file LoadedFromMemory doesn't match image D:\GeekBrains\Unity\Projects\K3_Dev3d_1\Library\PackageCache\com.unity.visualscripting@1.6.1\Editor\VisualScripting.Core\Dependencies\YamlDotNet\Unity.VisualScripting.YamlDotNet.dll
Symbol file LoadedFromMemory doesn't match image D:\GeekBrains\Unity\Projects\K3_Dev3d_1\Library\PackageCache\com.unity.visualscripting@1.6.1\Editor\VisualScripting.Core\Dependencies\DotNetZip\Unity.VisualScripting.IonicZip.dll
Native extension for WindowsStandalone target not found
Refreshing native plugins compatible for Editor in 0.65 ms, found 3 plugins.
Preloading 0 native plugins for Editor in 0.00 ms.
Mono: successfully reloaded assembly
- Completed reload, in  1.067 seconds
Domain Reload Profiling:
	ReloadAssembly (1067ms)
		BeginReloadAssembly (117ms)
			ExecutionOrderSort (0ms)
			DisableScriptedObjects (7ms)
			BackupInstance (0ms)
			ReleaseScriptingObjects (0ms)
			CreateAndSetChildDomain (37ms)
		EndReloadAssembly (888ms)
			LoadAssemblies (87ms)
			RebuildTransferFunctionScriptingTraits (0ms)
			SetupTypeCache (337ms)
			ReleaseScriptCaches (1ms)
			RebuildScriptCaches (46ms)
			SetupLoadedEditorAssemblies (306ms)
				LogAssemblyErrors (0ms)
				InitializePlatformSupportModulesInManaged (6ms)
				SetLoadedEditorAssemblies (0ms)
				RefreshPlugins (1ms)
				BeforeProcessingInitializeOnLoad (53ms)
				ProcessInitializeOnLoadAttributes (235ms)
				ProcessInitializeOnLoadMethodAttributes (5ms)
				AfterProcessingInitializeOnLoad (6ms)
				EditorAssembliesLoaded (0ms)
			ExecutionOrderSort2 (0ms)
			AwakeInstancesAfterBackupRestoration (16ms)
Platform modules already initialized, skipping
Refreshing native plugins compatible for Editor in 0.60 ms, found 3 plugins.
Preloading 0 native plugins for Editor in 0.00 ms.
Unloading 2932 Unused Serialized files (Serialized files now loaded: 0)
System memory in use before: 145.5 MB.
System memory in use after: 145.7 MB.

Unloading 18 unused Assets to reduce memory usage. Loaded Objects now: 3756.
Total: 2.397200 ms (FindLiveObjects: 0.253400 ms CreateObjectMapping: 0.131000 ms MarkObjects: 1.968400 ms  DeleteObjects: 0.043600 ms)

AssetImportParameters requested are different than current active one (requested -> active):
  custom:framework-win-MediaFoundation: 216162199b28c13a410421893ffa2e32 -> 
  custom:video-decoder-ogg-theora: a1e56fd34408186e4bbccfd4996cb3dc -> 
  custom:container-muxer-webm: aa71ff27fc2769a1b78a27578f13a17b -> 
  custom:container-demuxer-webm: 4f35f7cbe854078d1ac9338744f61a02 -> 
  custom:container-demuxer-ogg: 62fdf1f143b41e24485cea50d1cbac27 -> 
  custom:video-encoder-webm-vp8: eb34c28f22e8b96e1ab97ce403110664 -> 
  custom:video-decoder-webm-vp8: 9c59270c3fd7afecdb556c50c9e8de78 -> 
  custom:audio-decoder-ogg-vorbis: bf7c407c2cedff20999df2af8eb42d56 -> 
  custom:audio-encoder-webm-vorbis: bf7c407c2cedff20999df2af8eb42d56 -> 
AssetImportWorkerClient::OnTransportError - code=2 error=End of file
